2014-04-02 12:26:29.235 Sales[3812:a0b] Multi-tasking -> Device: YES, App: YES
2014-04-02 12:26:29.272 Sales[3812:a0b] Unlimited access to network resources
2014-04-02 12:26:29.569 Sales[3812:a0b] Resetting plugins due to page load.
2014-04-02 12:26:29.668 Sales[3812:a0b] Finished load of: file:///Users/admin/Library/Application%20Support/iPhone%20Simulator/7.0.3/Applications/846DCE58-D531-450E-BD9C-C688BF486EBD/Sales.app/www/index.html
2014-04-07 13:07:21.374 Sales[6699:a0b] Multi-tasking -> Device: YES, App: YES
2014-04-07 13:07:21.419 Sales[6699:a0b] Unlimited access to network resources
2014-04-07 13:07:21.807 Sales[6699:a0b] Resetting plugins due to page load.
2014-04-07 13:07:21.970 Sales[6699:a0b] Finished load of: file:///Users/kavitha/Library/Application%20Support/iPhone%20Simulator/7.0.3/Applications/ED9D6541-4A01-4236-BC2D-11B9586A03DD/Sales.app/www/index.html
2014-04-07 13:09:48.972 Sales[6810:a0b] Multi-tasking -> Device: YES, App: YES
2014-04-07 13:09:48.978 Sales[6810:a0b] Unlimited access to network resources
2014-04-07 13:09:49.026 Sales[6810:a0b] Resetting plugins due to page load.
2014-04-07 13:09:49.077 Sales[6810:a0b] Finished load of: file:///Users/kavitha/Library/Application%20Support/iPhone%20Simulator/7.0.3/Applications/ED9D6541-4A01-4236-BC2D-11B9586A03DD/Sales.app/www/index.html
2014-04-07 13:10:21.529 Sales[6907:a0b] Multi-tasking -> Device: YES, App: YES
2014-04-07 13:10:21.536 Sales[6907:a0b] Unlimited access to network resources
2014-04-07 13:10:21.580 Sales[6907:a0b] Resetting plugins due to page load.
2014-04-07 13:10:21.635 Sales[6907:a0b] Finished load of: file:///Users/kavitha/Library/Application%20Support/iPhone%20Simulator/7.0.3/Applications/ED9D6541-4A01-4236-BC2D-11B9586A03DD/Sales.app/www/index.html
2014-04-07 13:10:45.401 Sales[7061:a0b] Multi-tasking -> Device: YES, App: YES
2014-04-07 13:10:45.413 Sales[7061:a0b] Unlimited access to network resources
2014-04-07 13:10:45.618 Sales[7061:a0b] Resetting plugins due to page load.
2014-04-07 13:10:45.655 Sales[7061:a0b] Finished load of: file:///Users/kavitha/Library/Application%20Support/iPhone%20Simulator/7.0.3/Applications/ED9D6541-4A01-4236-BC2D-11B9586A03DD/Sales.app/www/index.html
2014-04-07 13:24:00.093 Sales[8331:a0b] Multi-tasking -> Device: YES, App: YES
2014-04-07 13:24:00.100 Sales[8331:a0b] Unlimited access to network resources
2014-04-07 13:24:00.127 Sales[8331:a0b] Resetting plugins due to page load.
2014-04-07 13:24:00.153 Sales[8331:a0b] Finished load of: file:///Users/kavitha/Library/Application%20Support/iPhone%20Simulator/7.0.3/Applications/ED9D6541-4A01-4236-BC2D-11B9586A03DD/Sales.app/www/index.html
2014-04-07 13:24:17.140 Sales[9533:a0b] Multi-tasking -> Device: YES, App: YES
2014-04-07 13:24:17.150 Sales[9533:a0b] Unlimited access to network resources
2014-04-07 13:24:17.343 Sales[9533:a0b] Resetting plugins due to page load.
2014-04-07 13:24:17.385 Sales[9533:a0b] Finished load of: file:///Users/kavitha/Library/Application%20Support/iPhone%20Simulator/7.0.3/Applications/ED9D6541-4A01-4236-BC2D-11B9586A03DD/Sales.app/www/index.html
2014-04-07 13:25:38.492 Sales[10736:a0b] Multi-tasking -> Device: YES, App: YES
2014-04-07 13:25:38.511 Sales[10736:a0b] Unlimited access to network resources
2014-04-07 13:25:38.735 Sales[10736:a0b] Resetting plugins due to page load.
2014-04-07 13:25:38.825 Sales[10736:a0b] Finished load of: file:///Users/kavitha/Library/Application%20Support/iPhone%20Simulator/7.0.3/Applications/ED9D6541-4A01-4236-BC2D-11B9586A03DD/Sales.app/www/index.html
2014-04-07 13:26:30.220 Sales[11935:a0b] Multi-tasking -> Device: YES, App: YES
2014-04-07 13:26:30.237 Sales[11935:a0b] Unlimited access to network resources
2014-04-07 13:26:30.413 Sales[11935:a0b] Resetting plugins due to page load.
2014-04-07 13:26:30.457 Sales[11935:a0b] Finished load of: file:///Users/kavitha/Library/Application%20Support/iPhone%20Simulator/7.0.3/Applications/ED9D6541-4A01-4236-BC2D-11B9586A03DD/Sales.app/www/index.html
2014-04-07 13:27:28.054 Sales[13134:a0b] Multi-tasking -> Device: YES, App: YES
2014-04-07 13:27:28.065 Sales[13134:a0b] Unlimited access to network resources
2014-04-07 13:27:28.245 Sales[13134:a0b] Resetting plugins due to page load.
2014-04-07 13:27:28.287 Sales[13134:a0b] Finished load of: file:///Users/kavitha/Library/Application%20Support/iPhone%20Simulator/7.0.3/Applications/ED9D6541-4A01-4236-BC2D-11B9586A03DD/Sales.app/www/index.html
2014-04-07 13:28:15.912 Sales[14333:a0b] Multi-tasking -> Device: YES, App: YES
2014-04-07 13:28:15.924 Sales[14333:a0b] Unlimited access to network resources
2014-04-07 13:28:16.113 Sales[14333:a0b] Resetting plugins due to page load.
2014-04-07 13:28:16.163 Sales[14333:a0b] Finished load of: file:///Users/kavitha/Library/Application%20Support/iPhone%20Simulator/7.0.3/Applications/ED9D6541-4A01-4236-BC2D-11B9586A03DD/Sales.app/www/index.html
2014-04-07 14:16:20.428 Sales[15862:a0b] Multi-tasking -> Device: YES, App: YES
2014-04-07 14:16:20.439 Sales[15862:a0b] Unlimited access to network resources
2014-04-07 14:16:20.727 Sales[15862:a0b] Resetting plugins due to page load.
2014-04-07 14:16:20.759 Sales[15862:a0b] Finished load of: file:///Users/kavitha/Library/Application%20Support/iPhone%20Simulator/7.0.3/Applications/ED9D6541-4A01-4236-BC2D-11B9586A03DD/Sales.app/www/index.html
2014-04-07 14:18:02.585 Sales[17064:a0b] Multi-tasking -> Device: YES, App: YES
2014-04-07 14:18:02.598 Sales[17064:a0b] Unlimited access to network resources
2014-04-07 14:18:02.781 Sales[17064:a0b] Resetting plugins due to page load.
2014-04-07 14:18:02.836 Sales[17064:a0b] Finished load of: file:///Users/kavitha/Library/Application%20Support/iPhone%20Simulator/7.0.3/Applications/ED9D6541-4A01-4236-BC2D-11B9586A03DD/Sales.app/www/index.html
2014-04-07 14:18:16.038 Sales[17064:a0b] ERROR: Plugin 'FileOpener' not found, or is not a CDVPlugin. Check your plugin mapping in config.xml.
2014-04-07 14:18:16.039 Sales[17064:a0b] -[CDVCommandQueue executePending] [Line 158] FAILED pluginJSON = [
  "INVALID",
  "FileOpener",
  "openFile",
  [
    "renamed.pdf"
  ]
]
2014-04-07 14:18:22.143 Sales[17064:a0b] ERROR: Plugin 'FileOpener' not found, or is not a CDVPlugin. Check your plugin mapping in config.xml.
2014-04-07 14:18:22.143 Sales[17064:a0b] -[CDVCommandQueue executePending] [Line 158] FAILED pluginJSON = [
  "INVALID",
  "FileOpener",
  "openFile",
  [
    "http:\/\/online.wsj.com\/public\/resources\/documents\/Reprint_Samples.pdf"
  ]
]
2014-04-07 14:18:31.767 Sales[17064:a0b] ERROR: Plugin 'FileOpener' not found, or is not a CDVPlugin. Check your plugin mapping in config.xml.
2014-04-07 14:18:31.767 Sales[17064:a0b] -[CDVCommandQueue executePending] [Line 158] FAILED pluginJSON = [
  "INVALID",
  "FileOpener",
  "openFile",
  [
    "renamed.pdf"
  ]
]
2014-04-07 14:19:08.324 Sales[18334:a0b] Multi-tasking -> Device: YES, App: YES
2014-04-07 14:19:08.333 Sales[18334:a0b] Unlimited access to network resources
2014-04-07 14:19:08.518 Sales[18334:a0b] Resetting plugins due to page load.
2014-04-07 14:19:08.570 Sales[18334:a0b] Finished load of: file:///Users/kavitha/Library/Application%20Support/iPhone%20Simulator/7.0.3/Applications/ED9D6541-4A01-4236-BC2D-11B9586A03DD/Sales.app/www/index.html
2014-04-07 14:20:16.075 Sales[18334:a0b] ERROR: Plugin 'FileOpener' not found, or is not a CDVPlugin. Check your plugin mapping in config.xml.
2014-04-07 14:20:16.075 Sales[18334:a0b] -[CDVCommandQueue executePending] [Line 158] FAILED pluginJSON = [
  "INVALID",
  "FileOpener",
  "openFile",
  [
    "renamed.pdf"
  ]
]
2014-04-07 14:20:23.115 Sales[18334:a0b] ERROR: Plugin 'FileOpener' not found, or is not a CDVPlugin. Check your plugin mapping in config.xml.
2014-04-07 14:20:23.115 Sales[18334:a0b] -[CDVCommandQueue executePending] [Line 158] FAILED pluginJSON = [
  "INVALID",
  "FileOpener",
  "openFile",
  [
    "http:\/\/online.wsj.com\/public\/resources\/documents\/Reprint_Samples.pdf"
  ]
]
2014-04-07 14:20:26.656 Sales[18334:a0b] ERROR: Plugin 'FileOpener' not found, or is not a CDVPlugin. Check your plugin mapping in config.xml.
2014-04-07 14:20:26.656 Sales[18334:a0b] -[CDVCommandQueue executePending] [Line 158] FAILED pluginJSON = [
  "INVALID",
  "FileOpener",
  "openFile",
  [
    "file:\/\/\/sdcard\/Download\/apache-maven.pdf"
  ]
]
2014-04-07 14:20:41.807 Sales[19510:a0b] Multi-tasking -> Device: YES, App: YES
2014-04-07 14:20:41.813 Sales[19510:a0b] Unlimited access to network resources
2014-04-07 14:20:41.841 Sales[19510:a0b] Resetting plugins due to page load.
2014-04-07 14:20:41.867 Sales[19510:a0b] Finished load of: file:///Users/kavitha/Library/Application%20Support/iPhone%20Simulator/7.0.3/Applications/ED9D6541-4A01-4236-BC2D-11B9586A03DD/Sales.app/www/index.html
2014-04-07 14:21:26.477 Sales[20770:a0b] Multi-tasking -> Device: YES, App: YES
2014-04-07 14:21:26.488 Sales[20770:a0b] Unlimited access to network resources
2014-04-07 14:21:26.567 Sales[20770:a0b] Resetting plugins due to page load.
2014-04-07 14:21:26.621 Sales[20770:a0b] Finished load of: file:///Users/kavitha/Library/Application%20Support/iPhone%20Simulator/7.0.3/Applications/ED9D6541-4A01-4236-BC2D-11B9586A03DD/Sales.app/www/index.html
2014-04-07 14:21:50.175 Sales[20770:a0b] ERROR: Plugin 'FileOpener' not found, or is not a CDVPlugin. Check your plugin mapping in config.xml.
2014-04-07 14:21:50.175 Sales[20770:a0b] -[CDVCommandQueue executePending] [Line 158] FAILED pluginJSON = [
  "INVALID",
  "FileOpener",
  "openFile",
  [
    "renamed.pdf"
  ]
]
2014-04-07 14:21:55.086 Sales[20770:a0b] ERROR: Plugin 'FileOpener' not found, or is not a CDVPlugin. Check your plugin mapping in config.xml.
2014-04-07 14:21:55.086 Sales[20770:a0b] -[CDVCommandQueue executePending] [Line 158] FAILED pluginJSON = [
  "INVALID",
  "FileOpener",
  "openFile",
  [
    "file:\/\/\/sdcard\/Download\/apache-maven.pdf"
  ]
]
2014-04-07 14:21:58.473 Sales[20770:a0b] ERROR: Plugin 'FileOpener' not found, or is not a CDVPlugin. Check your plugin mapping in config.xml.
2014-04-07 14:21:58.474 Sales[20770:a0b] -[CDVCommandQueue executePending] [Line 158] FAILED pluginJSON = [
  "INVALID",
  "FileOpener",
  "openFile",
  [
    "http:\/\/online.wsj.com\/public\/resources\/documents\/Reprint_Samples.pdf"
  ]
]
2014-04-07 17:28:16.736 Sales[22537:a0b] Multi-tasking -> Device: YES, App: YES
2014-04-07 17:28:16.748 Sales[22537:a0b] Unlimited access to network resources
2014-04-07 17:28:17.045 Sales[22537:a0b] Resetting plugins due to page load.
2014-04-07 17:28:17.206 Sales[22537:a0b] Finished load of: file:///Users/kavitha/Library/Application%20Support/iPhone%20Simulator/7.0.3/Applications/ED9D6541-4A01-4236-BC2D-11B9586A03DD/Sales.app/www/index.html
2014-04-08 15:02:37.278 Sales[26402:a0b] Multi-tasking -> Device: YES, App: YES
2014-04-08 15:02:37.313 Sales[26402:a0b] Unlimited access to network resources
2014-04-08 15:02:37.867 Sales[26402:a0b] Resetting plugins due to page load.
2014-04-08 15:02:38.192 Sales[26402:a0b] Finished load of: file:///Users/kavitha/Library/Application%20Support/iPhone%20Simulator/7.0.3/Applications/ED9D6541-4A01-4236-BC2D-11B9586A03DD/Sales.app/www/index.html
2014-04-08 15:05:26.007 Sales[27587:a0b] Multi-tasking -> Device: YES, App: YES
2014-04-08 15:05:26.013 Sales[27587:a0b] Unlimited access to network resources
2014-04-08 15:05:26.046 Sales[27587:a0b] Resetting plugins due to page load.
2014-04-08 15:05:26.235 Sales[27587:a0b] Finished load of: file:///Users/kavitha/Library/Application%20Support/iPhone%20Simulator/7.0.3/Applications/ED9D6541-4A01-4236-BC2D-11B9586A03DD/Sales.app/www/index.html
2014-04-08 15:05:46.782 Sales[28783:a0b] Multi-tasking -> Device: YES, App: YES
2014-04-08 15:05:46.796 Sales[28783:a0b] Unlimited access to network resources
2014-04-08 15:05:46.984 Sales[28783:a0b] Resetting plugins due to page load.
2014-04-08 15:05:47.318 Sales[28783:a0b] Finished load of: file:///Users/kavitha/Library/Application%20Support/iPhone%20Simulator/7.0.3/Applications/ED9D6541-4A01-4236-BC2D-11B9586A03DD/Sales.app/www/index.html
2014-04-08 15:07:59.189 Sales[30016:a0b] Multi-tasking -> Device: YES, App: YES
2014-04-08 15:07:59.199 Sales[30016:a0b] Unlimited access to network resources
2014-04-08 15:07:59.386 Sales[30016:a0b] Resetting plugins due to page load.
2014-04-08 15:07:59.711 Sales[30016:a0b] Finished load of: file:///Users/kavitha/Library/Application%20Support/iPhone%20Simulator/7.0.3/Applications/ED9D6541-4A01-4236-BC2D-11B9586A03DD/Sales.app/www/index.html
2014-04-08 15:09:15.187 Sales[31221:a0b] Multi-tasking -> Device: YES, App: YES
2014-04-08 15:09:15.198 Sales[31221:a0b] Unlimited access to network resources
2014-04-08 15:09:15.372 Sales[31221:a0b] Resetting plugins due to page load.
2014-04-08 15:09:15.663 Sales[31221:a0b] Finished load of: file:///Users/kavitha/Library/Application%20Support/iPhone%20Simulator/7.0.3/Applications/ED9D6541-4A01-4236-BC2D-11B9586A03DD/Sales.app/www/index.html
2014-04-08 15:39:04.725 Sales[32700:a0b] Multi-tasking -> Device: YES, App: YES
2014-04-08 15:39:04.743 Sales[32700:a0b] Unlimited access to network resources
2014-04-08 15:39:04.948 Sales[32700:a0b] Resetting plugins due to page load.
2014-04-08 15:39:05.297 Sales[32700:a0b] Finished load of: file:///Users/kavitha/Library/Application%20Support/iPhone%20Simulator/7.0.3/Applications/ED9D6541-4A01-4236-BC2D-11B9586A03DD/Sales.app/www/index.html
2014-04-09 11:22:21.822 Sales[37209:a0b] Multi-tasking -> Device: YES, App: YES
2014-04-09 11:22:21.832 Sales[37209:a0b] Unlimited access to network resources
2014-04-09 11:22:22.035 Sales[37209:a0b] Resetting plugins due to page load.
2014-04-09 11:22:22.239 Sales[37209:a0b] Finished load of: file:///Users/kavitha/Library/Application%20Support/iPhone%20Simulator/7.0.3/Applications/ED9D6541-4A01-4236-BC2D-11B9586A03DD/Sales.app/www/index.html
